[debug] [2023-02-17T17:45:25.484Z] ----------------------------------------------------------------------
[debug] [2023-02-17T17:45:25.487Z] Command:       C:\Program Files\nodejs\node.exe C:\Users\pc\AppData\Roaming\npm\node_modules\firebase-tools\lib\bin\firebase.js init
[debug] [2023-02-17T17:45:25.488Z] CLI Version:   11.23.1
[debug] [2023-02-17T17:45:25.488Z] Platform:      win32
[debug] [2023-02-17T17:45:25.488Z] Node Version:  v18.12.1
[debug] [2023-02-17T17:45:25.489Z] Time:          Fri Feb 17 2023 22:45:25 GMT+0500 (Pakistan Standard Time)
[debug] [2023-02-17T17:45:25.489Z] ----------------------------------------------------------------------
[debug] 
[debug] [2023-02-17T17:45:25.579Z] > command requires scopes: ["email","openid","https://www.googleapis.com/auth/cloudplatformprojects.readonly","https://www.googleapis.com/auth/firebase","https://www.googleapis.com/auth/cloud-platform"]
[debug] [2023-02-17T17:45:25.580Z] > authorizing via signed-in user (deskworksoldevs@gmail.com)
[info] 
     ######## #### ########  ######## ########     ###     ######  ########
     ##        ##  ##     ## ##       ##     ##  ##   ##  ##       ##
     ######    ##  ########  ######   ########  #########  ######  ######
     ##        ##  ##    ##  ##       ##     ## ##     ##       ## ##
     ##       #### ##     ## ######## ########  ##     ##  ######  ########

You're about to initialize a Firebase project in this directory:

  C:\Users\pc\Desktop\new metowork\metoworks

Before we get started, keep in mind:

  * You are initializing within an existing Firebase project directory

[info] 
=== Project Setup
[info] 
[info] First, let's associate this project directory with a Firebase project.
[info] You can create multiple project aliases by running firebase use --add, 
[info] but for now we'll just set up a default project.
[info] 
[debug] [2023-02-17T17:45:33.110Z] Using project from CLI flag: me2work-f2b47
[debug] [2023-02-17T17:45:33.114Z] >>> [apiv2][query] GET https://firebase.googleapis.com/v1beta1/projects/me2work-f2b47 [none]
[debug] [2023-02-17T17:45:33.889Z] <<< [apiv2][status] GET https://firebase.googleapis.com/v1beta1/projects/me2work-f2b47 403
[debug] [2023-02-17T17:45:33.890Z] <<< [apiv2][body] GET https://firebase.googleapis.com/v1beta1/projects/me2work-f2b47 {"error":{"code":403,"message":"The caller does not have permission","status":"PERMISSION_DENIED"}}
[debug] [2023-02-17T17:45:33.891Z] HTTP Error: 403, The caller does not have permission
[debug] [2023-02-17T17:45:34.188Z] FirebaseError: HTTP Error: 403, The caller does not have permission
    at responseToError (C:\Users\pc\AppData\Roaming\npm\node_modules\firebase-tools\lib\responseToError.js:49:12)
    at RetryOperation._fn (C:\Users\pc\AppData\Roaming\npm\node_modules\firebase-tools\lib\apiv2.js:288:77)
    at process.processTicksAndRejections (node:internal/process/task_queues:95:5)
[error] 
[error] Error: Failed to get Firebase project me2work-f2b47. Please make sure the project exists and your account has permission to access it.
